app/build/intermediates/manifest_merge_blame_file/debug/manifest-merger-blame-debug-report.txt
1<?xml version="1.0" encoding="utf-8"?>
2<manifest xmlns:android="http://schemas.android.com/apk/res/android"
3    package="com.example.mixit"
4    android:versionCode="1"
5    android:versionName="1.0" >
6
7    <uses-sdk
8        android:minSdkVersion="16"
8-->src\main\AndroidManifest.xml
9        android:targetSdkVersion="29" />
9-->src\main\AndroidManifest.xml
10
11    <application
11-->src\main\AndroidManifest.xml:5:5-47:19
12        android:allowBackup="true"
12-->src\main\AndroidManifest.xml:6:9-35
13        android:appComponentFactory="androidx.core.app.CoreComponentFactory"
13-->[androidx.core:core:1.1.0] AndroidManifest.xml:24:18-86
14        android:debuggable="true"
15        android:icon="@mipmap/ic_launcher"
15-->src\main\AndroidManifest.xml:7:9-43
16        android:label="@string/app_name"
16-->src\main\AndroidManifest.xml:8:9-41
17        android:roundIcon="@mipmap/ic_launcher_round"
17-->src\main\AndroidManifest.xml:9:9-54
18        android:supportsRtl="true"
18-->src\main\AndroidManifest.xml:10:9-35
19        android:testOnly="true"
20        android:theme="@style/AppTheme" >
20-->src\main\AndroidManifest.xml:11:9-40
21        <activity
21-->src\main\AndroidManifest.xml:12:9-20:20
22            android:name="com.example.mixit.MainActivity"
22-->src\main\AndroidManifest.xml:13:13-41
23            android:label="@string/app_name" >
23-->src\main\AndroidManifest.xml:14:13-45
24            <intent-filter>
24-->src\main\AndroidManifest.xml:15:13-19:29
25                <action android:name="android.intent.action.MAIN" />
25-->src\main\AndroidManifest.xml:16:17-69
25-->src\main\AndroidManifest.xml:16:25-66
26
27                <category android:name="android.intent.category.LAUNCHER" />
27-->src\main\AndroidManifest.xml:18:17-77
27-->src\main\AndroidManifest.xml:18:27-74
28            </intent-filter>
29        </activity>
30        <activity
30-->src\main\AndroidManifest.xml:21:9-28:20
31            android:name="com.example.mixit.ui.login.LoginActivity"
31-->src\main\AndroidManifest.xml:22:13-51
32            android:label="@string/app_name" >
32-->src\main\AndroidManifest.xml:23:13-45
33            <intent-filter>
33-->src\main\AndroidManifest.xml:24:13-27:29
34                <action android:name="android.intent.action.LOGIN" />
34-->src\main\AndroidManifest.xml:25:17-70
34-->src\main\AndroidManifest.xml:25:25-67
35            </intent-filter>
36        </activity>
37        <activity
37-->src\main\AndroidManifest.xml:29:9-36:20
38            android:name="com.example.mixit.ui.login.RegisterActivity"
38-->src\main\AndroidManifest.xml:30:13-54
39            android:label="@string/app_name" >
39-->src\main\AndroidManifest.xml:31:13-45
40            <intent-filter>
40-->src\main\AndroidManifest.xml:32:13-35:29
41                <action android:name="android.intent.action.REGISTER" />
41-->src\main\AndroidManifest.xml:33:17-73
41-->src\main\AndroidManifest.xml:33:25-70
42            </intent-filter>
43        </activity>
44        <activity
44-->src\main\AndroidManifest.xml:37:9-44:20
45            android:name="com.example.mixit.ui.login.ChangePasswordActivity"
45-->src\main\AndroidManifest.xml:38:13-60
46            android:label="@string/app_name" >
46-->src\main\AndroidManifest.xml:39:13-45
47            <intent-filter>
47-->src\main\AndroidManifest.xml:40:13-43:29
48                <action android:name="android.intent.action.CHANGE_PASSWORD" />
48-->src\main\AndroidManifest.xml:41:17-80
48-->src\main\AndroidManifest.xml:41:25-77
49            </intent-filter>
50        </activity>
51
52        <provider
52-->[androidx.lifecycle:lifecycle-process:2.0.0] AndroidManifest.xml:23:9-27:43
53            android:name="androidx.lifecycle.ProcessLifecycleOwnerInitializer"
53-->[androidx.lifecycle:lifecycle-process:2.0.0] AndroidManifest.xml:24:13-79
54            android:authorities="com.example.mixit.lifecycle-process"
54-->[androidx.lifecycle:lifecycle-process:2.0.0] AndroidManifest.xml:25:13-69
55            android:exported="false"
55-->[androidx.lifecycle:lifecycle-process:2.0.0] AndroidManifest.xml:26:13-37
56            android:multiprocess="true" />
56-->[androidx.lifecycle:lifecycle-process:2.0.0] AndroidManifest.xml:27:13-40
57    </application>
58
59</manifest>